# JRE version: Java(TM) SE Runtime Environment (8.0_161-b12) (build 1.8.0_161-b12)
# Java VM: Java HotSpot(TM) 64-Bit Server VM (25.161-b12 mixed mode windows-amd64 compressed oops)
Heap:
 PSYoungGen      total 134144K, used 15103K [0x00000000eb200000, 0x00000000f6c80000, 0x0000000100000000)
  eden space 125440K, 12% used [0x00000000eb200000,0x00000000ec0bfcd8,0x00000000f2c80000)
  from space 8704K, 0% used [0x00000000f2c80000,0x00000000f2c80000,0x00000000f3500000)
  to   space 11264K, 0% used [0x00000000f6180000,0x00000000f6180000,0x00000000f6c80000)
 ParOldGen       total 31232K, used 21493K [0x00000000c1600000, 0x00000000c3480000, 0x00000000eb200000)
  object space 31232K, 68% used [0x00000000c1600000,0x00000000c2afd600,0x00000000c3480000)
 Metaspace       used 35516K, capacity 36962K, committed 37208K, reserved 1085440K
  class space    used 4853K, capacity 5165K, committed 5208K, reserved 1048576K
GC Heap History (10 events):
Event: 3.560 GC heap before
{Heap before GC invocations=9 (full 1):
 PSYoungGen      total 72192K, used 63999K [0x00000000eb200000, 0x00000000f3e00000, 0x0000000100000000)
  eden space 64000K, 99% used [0x00000000eb200000,0x00000000ef07fcc8,0x00000000ef080000)
  from space 8192K, 0% used [0x00000000ef080000,0x00000000ef080000,0x00000000ef880000)
  to   space 7680K, 0% used [0x00000000f3680000,0x00000000f3680000,0x00000000f3e00000)
 ParOldGen       total 31232K, used 8503K [0x00000000c1600000, 0x00000000c3480000, 0x00000000eb200000)
  object space 31232K, 27% used [0x00000000c1600000,0x00000000c1e4dd68,0x00000000c3480000)
 Metaspace       used 22031K, capacity 22726K, committed 22912K, reserved 1069056K
  class space    used 3010K, capacity 3178K, committed 3200K, reserved 1048576K
Event: 3.569 GC heap after
Heap after GC invocations=9 (full 1):
 PSYoungGen      total 122368K, used 7094K [0x00000000eb200000, 0x00000000f3d80000, 0x0000000100000000)
  eden space 115200K, 0% used [0x00000000eb200000,0x00000000eb200000,0x00000000f2280000)
  from space 7168K, 98% used [0x00000000f3680000,0x00000000f3d6d928,0x00000000f3d80000)
  to   space 8704K, 0% used [0x00000000f2c80000,0x00000000f2c80000,0x00000000f3500000)
 ParOldGen       total 31232K, used 8511K [0x00000000c1600000, 0x00000000c3480000, 0x00000000eb200000)
  object space 31232K, 27% used [0x00000000c1600000,0x00000000c1e4fd68,0x00000000c3480000)
 Metaspace       used 22031K, capacity 22726K, committed 22912K, reserved 1069056K
  class space    used 3010K, capacity 3178K, committed 3200K, reserved 1048576K
}
Event: 4.771 GC heap before
{Heap before GC invocations=10 (full 1):
 PSYoungGen      total 122368K, used 122294K [0x00000000eb200000, 0x00000000f3d80000, 0x0000000100000000)
  eden space 115200K, 100% used [0x00000000eb200000,0x00000000f2280000,0x00000000f2280000)
  from space 7168K, 98% used [0x00000000f3680000,0x00000000f3d6d928,0x00000000f3d80000)
  to   space 8704K, 0% used [0x00000000f2c80000,0x00000000f2c80000,0x00000000f3500000)
 ParOldGen       total 31232K, used 8511K [0x00000000c1600000, 0x00000000c3480000, 0x00000000eb200000)
  object space 31232K, 27% used [0x00000000c1600000,0x00000000c1e4fd68,0x00000000c3480000)
 Metaspace       used 26329K, capacity 27332K, committed 27520K, reserved 1073152K
  class space    used 3656K, capacity 3896K, committed 3968K, reserved 1048576K
Event: 4.794 GC heap after
Heap after GC invocations=10 (full 1):
 PSYoungGen      total 134144K, used 8686K [0x00000000eb200000, 0x00000000f6c80000, 0x0000000100000000)
  eden space 125440K, 0% used [0x00000000eb200000,0x00000000eb200000,0x00000000f2c80000)
  from space 8704K, 99% used [0x00000000f2c80000,0x00000000f34fb860,0x00000000f3500000)
  to   space 11264K, 0% used [0x00000000f6180000,0x00000000f6180000,0x00000000f6c80000)
 ParOldGen       total 31232K, used 12585K [0x00000000c1600000, 0x00000000c3480000, 0x00000000eb200000)
  object space 31232K, 40% used [0x00000000c1600000,0x00000000c224a700,0x00000000c3480000)
 Metaspace       used 26329K, capacity 27332K, committed 27520K, reserved 1073152K
  class space    used 3656K, capacity 3896K, committed 3968K, reserved 1048576K
}
Event: 5.838 GC heap before
{Heap before GC invocations=11 (full 1):
 PSYoungGen      total 134144K, used 134126K [0x00000000eb200000, 0x00000000f6c80000, 0x0000000100000000)
  eden space 125440K, 100% used [0x00000000eb200000,0x00000000f2c80000,0x00000000f2c80000)
  from space 8704K, 99% used [0x00000000f2c80000,0x00000000f34fb860,0x00000000f3500000)
  to   space 11264K, 0% used [0x00000000f6180000,0x00000000f6180000,0x00000000f6c80000)
 ParOldGen       total 31232K, used 12585K [0x00000000c1600000, 0x00000000c3480000, 0x00000000eb200000)
  object space 31232K, 40% used [0x00000000c1600000,0x00000000c224a700,0x00000000c3480000)
 Metaspace       used 29492K, capacity 30878K, committed 31104K, reserved 1075200K
  class space    used 4079K, capacity 4377K, committed 4480K, reserved 1048576K
Event: 5.864 GC heap after
Heap after GC invocations=11 (full 1):
 PSYoungGen      total 136704K, used 9937K [0x00000000eb200000, 0x00000000f6c80000, 0x0000000100000000)
  eden space 125440K, 0% used [0x00000000eb200000,0x00000000eb200000,0x00000000f2c80000)
  from space 11264K, 88% used [0x00000000f6180000,0x00000000f6b34668,0x00000000f6c80000)
  to   space 8704K, 0% used [0x00000000f2c80000,0x00000000f2c80000,0x00000000f3500000)
 ParOldGen       total 31232K, used 17346K [0x00000000c1600000, 0x00000000c3480000, 0x00000000eb200000)
  object space 31232K, 55% used [0x00000000c1600000,0x00000000c26f0a48,0x00000000c3480000)
 Metaspace       used 29492K, capacity 30878K, committed 31104K, reserved 1075200K
  class space    used 4079K, capacity 4377K, committed 4480K, reserved 1048576K
}
Event: 6.455 GC heap before
{Heap before GC invocations=12 (full 1):
 PSYoungGen      total 136704K, used 49694K [0x00000000eb200000, 0x00000000f6c80000, 0x0000000100000000)
  eden space 125440K, 31% used [0x00000000eb200000,0x00000000ed8d3308,0x00000000f2c80000)
  from space 11264K, 88% used [0x00000000f6180000,0x00000000f6b34668,0x00000000f6c80000)
  to   space 8704K, 0% used [0x00000000f2c80000,0x00000000f2c80000,0x00000000f3500000)
 ParOldGen       total 31232K, used 17346K [0x00000000c1600000, 0x00000000c3480000, 0x00000000eb200000)
  object space 31232K, 55% used [0x00000000c1600000,0x00000000c26f0a48,0x00000000c3480000)
 Metaspace       used 33838K, capacity 35220K, committed 35416K, reserved 1079296K
  class space    used 4587K, capacity 4902K, committed 4952K, reserved 1048576K
Event: 6.475 GC heap after
Heap after GC invocations=12 (full 1):
 PSYoungGen      total 134144K, used 4388K [0x00000000eb200000, 0x00000000f6c80000, 0x0000000100000000)
  eden space 125440K, 0% used [0x00000000eb200000,0x00000000eb200000,0x00000000f2c80000)
  from space 8704K, 50% used [0x00000000f2c80000,0x00000000f30c93f0,0x00000000f3500000)
  to   space 11264K, 0% used [0x00000000f6180000,0x00000000f6180000,0x00000000f6c80000)
 ParOldGen       total 31232K, used 24626K [0x00000000c1600000, 0x00000000c3480000, 0x00000000eb200000)
  object space 31232K, 78% used [0x00000000c1600000,0x00000000c2e0c960,0x00000000c3480000)
 Metaspace       used 33838K, capacity 35220K, committed 35416K, reserved 1079296K
  class space    used 4587K, capacity 4902K, committed 4952K, reserved 1048576K
}
Event: 6.475 GC heap before
{Heap before GC invocations=13 (full 2):
 PSYoungGen      total 134144K, used 4388K [0x00000000eb200000, 0x00000000f6c80000, 0x0000000100000000)
  eden space 125440K, 0% used [0x00000000eb200000,0x00000000eb200000,0x00000000f2c80000)
  from space 8704K, 50% used [0x00000000f2c80000,0x00000000f30c93f0,0x00000000f3500000)
  to   space 11264K, 0% used [0x00000000f6180000,0x00000000f6180000,0x00000000f6c80000)
 ParOldGen       total 31232K, used 24626K [0x00000000c1600000, 0x00000000c3480000, 0x00000000eb200000)
  object space 31232K, 78% used [0x00000000c1600000,0x00000000c2e0c960,0x00000000c3480000)
 Metaspace       used 33838K, capacity 35220K, committed 35416K, reserved 1079296K
  class space    used 4587K, capacity 4902K, committed 4952K, reserved 1048576K
Event: 6.650 GC heap after
Heap after GC invocations=13 (full 2):
 PSYoungGen      total 134144K, used 0K [0x00000000eb200000, 0x00000000f6c80000, 0x0000000100000000)
  eden space 125440K, 0% used [0x00000000eb200000,0x00000000eb200000,0x00000000f2c80000)
  from space 8704K, 0% used [0x00000000f2c80000,0x00000000f2c80000,0x00000000f3500000)
  to   space 11264K, 0% used [0x00000000f6180000,0x00000000f6180000,0x00000000f6c80000)
 ParOldGen       total 31232K, used 21493K [0x00000000c1600000, 0x00000000c3480000, 0x00000000eb200000)
  object space 31232K, 68% used [0x00000000c1600000,0x00000000c2afd600,0x00000000c3480000)
 Metaspace       used 33838K, capacity 35220K, committed 35416K, reserved 1079296K
  class space    used 4587K, capacity 4902K, committed 4952K, reserved 1048576K
}

