# JRE version: Java(TM) SE Runtime Environment (8.0_161-b12) (build 1.8.0_161-b12)
# Java VM: Java HotSpot(TM) 64-Bit Server VM (25.161-b12 mixed mode windows-amd64 compressed oops)
Heap:
 PSYoungGen      total 172032K, used 15062K [0x00000000eb200000, 0x00000000f7580000, 0x0000000100000000)
  eden space 159744K, 9% used [0x00000000eb200000,0x00000000ec0b5ac8,0x00000000f4e00000)
  from space 12288K, 0% used [0x00000000f4e00000,0x00000000f4e00000,0x00000000f5a00000)
  to   space 11264K, 0% used [0x00000000f5a00000,0x00000000f5a00000,0x00000000f6500000)
 ParOldGen       total 31744K, used 21486K [0x00000000c1600000, 0x00000000c3500000, 0x00000000eb200000)
  object space 31744K, 67% used [0x00000000c1600000,0x00000000c2afbba8,0x00000000c3500000)
 Metaspace       used 35559K, capacity 37022K, committed 37504K, reserved 1081344K
  class space    used 4858K, capacity 5165K, committed 5248K, reserved 1048576K
GC Heap History (10 events):
Event: 2.726 GC heap before
{Heap before GC invocations=9 (full 1):
 PSYoungGen      total 71680K, used 63481K [0x00000000eb200000, 0x00000000f3d00000, 0x0000000100000000)
  eden space 63488K, 99% used [0x00000000eb200000,0x00000000eeffe708,0x00000000ef000000)
  from space 8192K, 0% used [0x00000000ef000000,0x00000000ef000000,0x00000000ef800000)
  to   space 7680K, 0% used [0x00000000f3580000,0x00000000f3580000,0x00000000f3d00000)
 ParOldGen       total 31744K, used 8296K [0x00000000c1600000, 0x00000000c3500000, 0x00000000eb200000)
  object space 31744K, 26% used [0x00000000c1600000,0x00000000c1e1a108,0x00000000c3500000)
 Metaspace       used 22070K, capacity 22786K, committed 22912K, reserved 1069056K
  class space    used 3014K, capacity 3178K, committed 3200K, reserved 1048576K
Event: 2.736 GC heap after
Heap after GC invocations=9 (full 1):
 PSYoungGen      total 119296K, used 7096K [0x00000000eb200000, 0x00000000f3c80000, 0x0000000100000000)
  eden space 112128K, 0% used [0x00000000eb200000,0x00000000eb200000,0x00000000f1f80000)
  from space 7168K, 98% used [0x00000000f3580000,0x00000000f3c6e138,0x00000000f3c80000)
  to   space 8704K, 0% used [0x00000000f2b80000,0x00000000f2b80000,0x00000000f3400000)
 ParOldGen       total 31744K, used 8304K [0x00000000c1600000, 0x00000000c3500000, 0x00000000eb200000)
  object space 31744K, 26% used [0x00000000c1600000,0x00000000c1e1c108,0x00000000c3500000)
 Metaspace       used 22070K, capacity 22786K, committed 22912K, reserved 1069056K
  class space    used 3014K, capacity 3178K, committed 3200K, reserved 1048576K
}
Event: 3.848 GC heap before
{Heap before GC invocations=10 (full 1):
 PSYoungGen      total 119296K, used 119224K [0x00000000eb200000, 0x00000000f3c80000, 0x0000000100000000)
  eden space 112128K, 100% used [0x00000000eb200000,0x00000000f1f80000,0x00000000f1f80000)
  from space 7168K, 98% used [0x00000000f3580000,0x00000000f3c6e138,0x00000000f3c80000)
  to   space 8704K, 0% used [0x00000000f2b80000,0x00000000f2b80000,0x00000000f3400000)
 ParOldGen       total 31744K, used 8304K [0x00000000c1600000, 0x00000000c3500000, 0x00000000eb200000)
  object space 31744K, 26% used [0x00000000c1600000,0x00000000c1e1c108,0x00000000c3500000)
 Metaspace       used 26049K, capacity 27040K, committed 27264K, reserved 1073152K
  class space    used 3625K, capacity 3864K, committed 3968K, reserved 1048576K
Event: 3.867 GC heap after
Heap after GC invocations=10 (full 1):
 PSYoungGen      total 133120K, used 8701K [0x00000000eb200000, 0x00000000f6500000, 0x0000000100000000)
  eden space 124416K, 0% used [0x00000000eb200000,0x00000000eb200000,0x00000000f2b80000)
  from space 8704K, 99% used [0x00000000f2b80000,0x00000000f33ff690,0x00000000f3400000)
  to   space 11264K, 0% used [0x00000000f5a00000,0x00000000f5a00000,0x00000000f6500000)
 ParOldGen       total 31744K, used 12024K [0x00000000c1600000, 0x00000000c3500000, 0x00000000eb200000)
  object space 31744K, 37% used [0x00000000c1600000,0x00000000c21be098,0x00000000c3500000)
 Metaspace       used 26049K, capacity 27040K, committed 27264K, reserved 1073152K
  class space    used 3625K, capacity 3864K, committed 3968K, reserved 1048576K
}
Event: 4.807 GC heap before
{Heap before GC invocations=11 (full 1):
 PSYoungGen      total 133120K, used 133117K [0x00000000eb200000, 0x00000000f6500000, 0x0000000100000000)
  eden space 124416K, 100% used [0x00000000eb200000,0x00000000f2b80000,0x00000000f2b80000)
  from space 8704K, 99% used [0x00000000f2b80000,0x00000000f33ff690,0x00000000f3400000)
  to   space 11264K, 0% used [0x00000000f5a00000,0x00000000f5a00000,0x00000000f6500000)
 ParOldGen       total 31744K, used 12024K [0x00000000c1600000, 0x00000000c3500000, 0x00000000eb200000)
  object space 31744K, 37% used [0x00000000c1600000,0x00000000c21be098,0x00000000c3500000)
 Metaspace       used 29441K, capacity 30838K, committed 30976K, reserved 1075200K
  class space    used 4067K, capacity 4343K, committed 4352K, reserved 1048576K
Event: 4.830 GC heap after
Heap after GC invocations=11 (full 1):
 PSYoungGen      total 171008K, used 9740K [0x00000000eb200000, 0x00000000f7580000, 0x0000000100000000)
  eden space 159744K, 0% used [0x00000000eb200000,0x00000000eb200000,0x00000000f4e00000)
  from space 11264K, 86% used [0x00000000f5a00000,0x00000000f6383030,0x00000000f6500000)
  to   space 12288K, 0% used [0x00000000f4e00000,0x00000000f4e00000,0x00000000f5a00000)
 ParOldGen       total 31744K, used 17066K [0x00000000c1600000, 0x00000000c3500000, 0x00000000eb200000)
  object space 31744K, 53% used [0x00000000c1600000,0x00000000c26aa830,0x00000000c3500000)
 Metaspace       used 29441K, capacity 30838K, committed 30976K, reserved 1075200K
  class space    used 4067K, capacity 4343K, committed 4352K, reserved 1048576K
}
Event: 5.417 GC heap before
{Heap before GC invocations=12 (full 1):
 PSYoungGen      total 171008K, used 56365K [0x00000000eb200000, 0x00000000f7580000, 0x0000000100000000)
  eden space 159744K, 29% used [0x00000000eb200000,0x00000000edf88780,0x00000000f4e00000)
  from space 11264K, 86% used [0x00000000f5a00000,0x00000000f6383030,0x00000000f6500000)
  to   space 12288K, 0% used [0x00000000f4e00000,0x00000000f4e00000,0x00000000f5a00000)
 ParOldGen       total 31744K, used 17066K [0x00000000c1600000, 0x00000000c3500000, 0x00000000eb200000)
  object space 31744K, 53% used [0x00000000c1600000,0x00000000c26aa830,0x00000000c3500000)
 Metaspace       used 33832K, capacity 35184K, committed 35456K, reserved 1079296K
  class space    used 4585K, capacity 4870K, committed 4992K, reserved 1048576K
Event: 5.439 GC heap after
Heap after GC invocations=12 (full 1):
 PSYoungGen      total 172032K, used 4654K [0x00000000eb200000, 0x00000000f7580000, 0x0000000100000000)
  eden space 159744K, 0% used [0x00000000eb200000,0x00000000eb200000,0x00000000f4e00000)
  from space 12288K, 37% used [0x00000000f4e00000,0x00000000f528b910,0x00000000f5a00000)
  to   space 11264K, 0% used [0x00000000f5a00000,0x00000000f5a00000,0x00000000f6500000)
 ParOldGen       total 31744K, used 24061K [0x00000000c1600000, 0x00000000c3500000, 0x00000000eb200000)
  object space 31744K, 75% used [0x00000000c1600000,0x00000000c2d7f758,0x00000000c3500000)
 Metaspace       used 33832K, capacity 35184K, committed 35456K, reserved 1079296K
  class space    used 4585K, capacity 4870K, committed 4992K, reserved 1048576K
}
Event: 5.439 GC heap before
{Heap before GC invocations=13 (full 2):
 PSYoungGen      total 172032K, used 4654K [0x00000000eb200000, 0x00000000f7580000, 0x0000000100000000)
  eden space 159744K, 0% used [0x00000000eb200000,0x00000000eb200000,0x00000000f4e00000)
  from space 12288K, 37% used [0x00000000f4e00000,0x00000000f528b910,0x00000000f5a00000)
  to   space 11264K, 0% used [0x00000000f5a00000,0x00000000f5a00000,0x00000000f6500000)
 ParOldGen       total 31744K, used 24061K [0x00000000c1600000, 0x00000000c3500000, 0x00000000eb200000)
  object space 31744K, 75% used [0x00000000c1600000,0x00000000c2d7f758,0x00000000c3500000)
 Metaspace       used 33832K, capacity 35184K, committed 35456K, reserved 1079296K
  class space    used 4585K, capacity 4870K, committed 4992K, reserved 1048576K
Event: 5.614 GC heap after
Heap after GC invocations=13 (full 2):
 PSYoungGen      total 172032K, used 0K [0x00000000eb200000, 0x00000000f7580000, 0x0000000100000000)
  eden space 159744K, 0% used [0x00000000eb200000,0x00000000eb200000,0x00000000f4e00000)
  from space 12288K, 0% used [0x00000000f4e00000,0x00000000f4e00000,0x00000000f5a00000)
  to   space 11264K, 0% used [0x00000000f5a00000,0x00000000f5a00000,0x00000000f6500000)
 ParOldGen       total 31744K, used 21486K [0x00000000c1600000, 0x00000000c3500000, 0x00000000eb200000)
  object space 31744K, 67% used [0x00000000c1600000,0x00000000c2afbba8,0x00000000c3500000)
 Metaspace       used 33832K, capacity 35184K, committed 35456K, reserved 1079296K
  class space    used 4585K, capacity 4870K, committed 4992K, reserved 1048576K
}

