# JRE version: Java(TM) SE Runtime Environment (8.0_161-b12) (build 1.8.0_161-b12)
# Java VM: Java HotSpot(TM) 64-Bit Server VM (25.161-b12 mixed mode windows-amd64 compressed oops)
Heap:
 PSYoungGen      total 133120K, used 19871K [0x00000000eb200000, 0x00000000f6a80000, 0x0000000100000000)
  eden space 124416K, 15% used [0x00000000eb200000,0x00000000ec567e50,0x00000000f2b80000)
  from space 8704K, 0% used [0x00000000f2b80000,0x00000000f2b80000,0x00000000f3400000)
  to   space 11264K, 0% used [0x00000000f5f80000,0x00000000f5f80000,0x00000000f6a80000)
 ParOldGen       total 28160K, used 21482K [0x00000000c1600000, 0x00000000c3180000, 0x00000000eb200000)
  object space 28160K, 76% used [0x00000000c1600000,0x00000000c2afab58,0x00000000c3180000)
 Metaspace       used 36098K, capacity 37530K, committed 37760K, reserved 1081344K
  class space    used 4908K, capacity 5229K, committed 5248K, reserved 1048576K
GC Heap History (10 events):
Event: 2.931 GC heap before
{Heap before GC invocations=9 (full 1):
 PSYoungGen      total 71680K, used 63477K [0x00000000eb200000, 0x00000000f3d00000, 0x0000000100000000)
  eden space 63488K, 99% used [0x00000000eb200000,0x00000000eeffd7f8,0x00000000ef000000)
  from space 8192K, 0% used [0x00000000ef000000,0x00000000ef000000,0x00000000ef800000)
  to   space 7680K, 0% used [0x00000000f3580000,0x00000000f3580000,0x00000000f3d00000)
 ParOldGen       total 28160K, used 5644K [0x00000000c1600000, 0x00000000c3180000, 0x00000000eb200000)
  object space 28160K, 20% used [0x00000000c1600000,0x00000000c1b83088,0x00000000c3180000)
 Metaspace       used 22048K, capacity 22718K, committed 22912K, reserved 1069056K
  class space    used 3014K, capacity 3178K, committed 3200K, reserved 1048576K
Event: 2.940 GC heap after
Heap after GC invocations=9 (full 1):
 PSYoungGen      total 121344K, used 7120K [0x00000000eb200000, 0x00000000f3c80000, 0x0000000100000000)
  eden space 114176K, 0% used [0x00000000eb200000,0x00000000eb200000,0x00000000f2180000)
  from space 7168K, 99% used [0x00000000f3580000,0x00000000f3c74288,0x00000000f3c80000)
  to   space 8704K, 0% used [0x00000000f2b80000,0x00000000f2b80000,0x00000000f3400000)
 ParOldGen       total 28160K, used 5652K [0x00000000c1600000, 0x00000000c3180000, 0x00000000eb200000)
  object space 28160K, 20% used [0x00000000c1600000,0x00000000c1b85088,0x00000000c3180000)
 Metaspace       used 22048K, capacity 22718K, committed 22912K, reserved 1069056K
  class space    used 3014K, capacity 3178K, committed 3200K, reserved 1048576K
}
Event: 4.017 GC heap before
{Heap before GC invocations=10 (full 1):
 PSYoungGen      total 121344K, used 121296K [0x00000000eb200000, 0x00000000f3c80000, 0x0000000100000000)
  eden space 114176K, 100% used [0x00000000eb200000,0x00000000f2180000,0x00000000f2180000)
  from space 7168K, 99% used [0x00000000f3580000,0x00000000f3c74288,0x00000000f3c80000)
  to   space 8704K, 0% used [0x00000000f2b80000,0x00000000f2b80000,0x00000000f3400000)
 ParOldGen       total 28160K, used 5652K [0x00000000c1600000, 0x00000000c3180000, 0x00000000eb200000)
  object space 28160K, 20% used [0x00000000c1600000,0x00000000c1b85088,0x00000000c3180000)
 Metaspace       used 26327K, capacity 27324K, committed 27520K, reserved 1073152K
  class space    used 3656K, capacity 3896K, committed 3968K, reserved 1048576K
Event: 4.033 GC heap after
Heap after GC invocations=10 (full 1):
 PSYoungGen      total 133120K, used 8693K [0x00000000eb200000, 0x00000000f6a80000, 0x0000000100000000)
  eden space 124416K, 0% used [0x00000000eb200000,0x00000000eb200000,0x00000000f2b80000)
  from space 8704K, 99% used [0x00000000f2b80000,0x00000000f33fd6a0,0x00000000f3400000)
  to   space 11264K, 0% used [0x00000000f5f80000,0x00000000f5f80000,0x00000000f6a80000)
 ParOldGen       total 28160K, used 9513K [0x00000000c1600000, 0x00000000c3180000, 0x00000000eb200000)
  object space 28160K, 33% used [0x00000000c1600000,0x00000000c1f4a4c8,0x00000000c3180000)
 Metaspace       used 26327K, capacity 27324K, committed 27520K, reserved 1073152K
  class space    used 3656K, capacity 3896K, committed 3968K, reserved 1048576K
}
Event: 5.004 GC heap before
{Heap before GC invocations=11 (full 1):
 PSYoungGen      total 133120K, used 133109K [0x00000000eb200000, 0x00000000f6a80000, 0x0000000100000000)
  eden space 124416K, 100% used [0x00000000eb200000,0x00000000f2b80000,0x00000000f2b80000)
  from space 8704K, 99% used [0x00000000f2b80000,0x00000000f33fd6a0,0x00000000f3400000)
  to   space 11264K, 0% used [0x00000000f5f80000,0x00000000f5f80000,0x00000000f6a80000)
 ParOldGen       total 28160K, used 9513K [0x00000000c1600000, 0x00000000c3180000, 0x00000000eb200000)
  object space 28160K, 33% used [0x00000000c1600000,0x00000000c1f4a4c8,0x00000000c3180000)
 Metaspace       used 29434K, capacity 30834K, committed 30976K, reserved 1075200K
  class space    used 4067K, capacity 4343K, committed 4352K, reserved 1048576K
Event: 5.028 GC heap after
Heap after GC invocations=11 (full 1):
 PSYoungGen      total 135680K, used 9784K [0x00000000eb200000, 0x00000000f6a80000, 0x0000000100000000)
  eden space 124416K, 0% used [0x00000000eb200000,0x00000000eb200000,0x00000000f2b80000)
  from space 11264K, 86% used [0x00000000f5f80000,0x00000000f690e310,0x00000000f6a80000)
  to   space 8704K, 0% used [0x00000000f2b80000,0x00000000f2b80000,0x00000000f3400000)
 ParOldGen       total 28160K, used 14551K [0x00000000c1600000, 0x00000000c3180000, 0x00000000eb200000)
  object space 28160K, 51% used [0x00000000c1600000,0x00000000c2435c60,0x00000000c3180000)
 Metaspace       used 29434K, capacity 30834K, committed 30976K, reserved 1075200K
  class space    used 4067K, capacity 4343K, committed 4352K, reserved 1048576K
}
Event: 5.601 GC heap before
{Heap before GC invocations=12 (full 1):
 PSYoungGen      total 135680K, used 54186K [0x00000000eb200000, 0x00000000f6a80000, 0x0000000100000000)
  eden space 124416K, 35% used [0x00000000eb200000,0x00000000edd5c5f0,0x00000000f2b80000)
  from space 11264K, 86% used [0x00000000f5f80000,0x00000000f690e310,0x00000000f6a80000)
  to   space 8704K, 0% used [0x00000000f2b80000,0x00000000f2b80000,0x00000000f3400000)
 ParOldGen       total 28160K, used 14551K [0x00000000c1600000, 0x00000000c3180000, 0x00000000eb200000)
  object space 28160K, 51% used [0x00000000c1600000,0x00000000c2435c60,0x00000000c3180000)
 Metaspace       used 33831K, capacity 35180K, committed 35456K, reserved 1079296K
  class space    used 4585K, capacity 4870K, committed 4992K, reserved 1048576K
Event: 5.619 GC heap after
Heap after GC invocations=12 (full 1):
 PSYoungGen      total 133120K, used 4560K [0x00000000eb200000, 0x00000000f6a80000, 0x0000000100000000)
  eden space 124416K, 0% used [0x00000000eb200000,0x00000000eb200000,0x00000000f2b80000)
  from space 8704K, 52% used [0x00000000f2b80000,0x00000000f2ff42c0,0x00000000f3400000)
  to   space 11264K, 0% used [0x00000000f5f80000,0x00000000f5f80000,0x00000000f6a80000)
 ParOldGen       total 28160K, used 21634K [0x00000000c1600000, 0x00000000c3180000, 0x00000000eb200000)
  object space 28160K, 76% used [0x00000000c1600000,0x00000000c2b20b88,0x00000000c3180000)
 Metaspace       used 33831K, capacity 35180K, committed 35456K, reserved 1079296K
  class space    used 4585K, capacity 4870K, committed 4992K, reserved 1048576K
}
Event: 5.619 GC heap before
{Heap before GC invocations=13 (full 2):
 PSYoungGen      total 133120K, used 4560K [0x00000000eb200000, 0x00000000f6a80000, 0x0000000100000000)
  eden space 124416K, 0% used [0x00000000eb200000,0x00000000eb200000,0x00000000f2b80000)
  from space 8704K, 52% used [0x00000000f2b80000,0x00000000f2ff42c0,0x00000000f3400000)
  to   space 11264K, 0% used [0x00000000f5f80000,0x00000000f5f80000,0x00000000f6a80000)
 ParOldGen       total 28160K, used 21634K [0x00000000c1600000, 0x00000000c3180000, 0x00000000eb200000)
  object space 28160K, 76% used [0x00000000c1600000,0x00000000c2b20b88,0x00000000c3180000)
 Metaspace       used 33831K, capacity 35180K, committed 35456K, reserved 1079296K
  class space    used 4585K, capacity 4870K, committed 4992K, reserved 1048576K
Event: 5.764 GC heap after
Heap after GC invocations=13 (full 2):
 PSYoungGen      total 133120K, used 0K [0x00000000eb200000, 0x00000000f6a80000, 0x0000000100000000)
  eden space 124416K, 0% used [0x00000000eb200000,0x00000000eb200000,0x00000000f2b80000)
  from space 8704K, 0% used [0x00000000f2b80000,0x00000000f2b80000,0x00000000f3400000)
  to   space 11264K, 0% used [0x00000000f5f80000,0x00000000f5f80000,0x00000000f6a80000)
 ParOldGen       total 28160K, used 21482K [0x00000000c1600000, 0x00000000c3180000, 0x00000000eb200000)
  object space 28160K, 76% used [0x00000000c1600000,0x00000000c2afab58,0x00000000c3180000)
 Metaspace       used 33831K, capacity 35180K, committed 35456K, reserved 1079296K
  class space    used 4585K, capacity 4870K, committed 4992K, reserved 1048576K
}

