# JRE version: Java(TM) SE Runtime Environment (8.0_161-b12) (build 1.8.0_161-b12)
# Java VM: Java HotSpot(TM) 64-Bit Server VM (25.161-b12 mixed mode windows-amd64 compressed oops)
Heap:
 PSYoungGen      total 173568K, used 141644K [0x00000000eb200000, 0x00000000f7600000, 0x0000000100000000)
  eden space 162304K, 80% used [0x00000000eb200000,0x00000000f3153d90,0x00000000f5080000)
  from space 11264K, 99% used [0x00000000f5c80000,0x00000000f677f628,0x00000000f6780000)
  to   space 12288K, 0% used [0x00000000f5080000,0x00000000f5080000,0x00000000f5c80000)
 ParOldGen       total 54784K, used 25925K [0x00000000c1600000, 0x00000000c4b80000, 0x00000000eb200000)
  object space 54784K, 47% used [0x00000000c1600000,0x00000000c2f51630,0x00000000c4b80000)
 Metaspace       used 47586K, capacity 49698K, committed 50008K, reserved 1091584K
  class space    used 6514K, capacity 6911K, committed 7000K, reserved 1048576K
GC Heap History (10 events):
Event: 7.879 GC heap before
{Heap before GC invocations=10 (full 1):
 PSYoungGen      total 120320K, used 120145K [0x00000000eb200000, 0x00000000f3c80000, 0x0000000100000000)
  eden space 113152K, 100% used [0x00000000eb200000,0x00000000f2080000,0x00000000f2080000)
  from space 7168K, 97% used [0x00000000f3580000,0x00000000f3c54700,0x00000000f3c80000)
  to   space 8704K, 0% used [0x00000000f2b80000,0x00000000f2b80000,0x00000000f3400000)
 ParOldGen       total 31232K, used 8297K [0x00000000c1600000, 0x00000000c3480000, 0x00000000eb200000)
  object space 31232K, 26% used [0x00000000c1600000,0x00000000c1e1a458,0x00000000c3480000)
 Metaspace       used 26338K, capacity 27328K, committed 27520K, reserved 1073152K
  class space    used 3657K, capacity 3896K, committed 3968K, reserved 1048576K
Event: 7.901 GC heap after
Heap after GC invocations=10 (full 1):
 PSYoungGen      total 133120K, used 8696K [0x00000000eb200000, 0x00000000f6780000, 0x0000000100000000)
  eden space 124416K, 0% used [0x00000000eb200000,0x00000000eb200000,0x00000000f2b80000)
  from space 8704K, 99% used [0x00000000f2b80000,0x00000000f33fe280,0x00000000f3400000)
  to   space 11264K, 0% used [0x00000000f5c80000,0x00000000f5c80000,0x00000000f6780000)
 ParOldGen       total 31232K, used 12231K [0x00000000c1600000, 0x00000000c3480000, 0x00000000eb200000)
  object space 31232K, 39% used [0x00000000c1600000,0x00000000c21f1de8,0x00000000c3480000)
 Metaspace       used 26338K, capacity 27328K, committed 27520K, reserved 1073152K
  class space    used 3657K, capacity 3896K, committed 3968K, reserved 1048576K
}
Event: 10.350 GC heap before
{Heap before GC invocations=11 (full 1):
 PSYoungGen      total 133120K, used 133112K [0x00000000eb200000, 0x00000000f6780000, 0x0000000100000000)
  eden space 124416K, 100% used [0x00000000eb200000,0x00000000f2b80000,0x00000000f2b80000)
  from space 8704K, 99% used [0x00000000f2b80000,0x00000000f33fe280,0x00000000f3400000)
  to   space 11264K, 0% used [0x00000000f5c80000,0x00000000f5c80000,0x00000000f6780000)
 ParOldGen       total 31232K, used 12231K [0x00000000c1600000, 0x00000000c3480000, 0x00000000eb200000)
  object space 31232K, 39% used [0x00000000c1600000,0x00000000c21f1de8,0x00000000c3480000)
 Metaspace       used 29450K, capacity 30870K, committed 31104K, reserved 1075200K
  class space    used 4072K, capacity 4375K, committed 4480K, reserved 1048576K
Event: 10.374 GC heap after
Heap after GC invocations=11 (full 1):
 PSYoungGen      total 173568K, used 9790K [0x00000000eb200000, 0x00000000f7600000, 0x0000000100000000)
  eden space 162304K, 0% used [0x00000000eb200000,0x00000000eb200000,0x00000000f5080000)
  from space 11264K, 86% used [0x00000000f5c80000,0x00000000f660fad0,0x00000000f6780000)
  to   space 12288K, 0% used [0x00000000f5080000,0x00000000f5080000,0x00000000f5c80000)
 ParOldGen       total 31232K, used 17123K [0x00000000c1600000, 0x00000000c3480000, 0x00000000eb200000)
  object space 31232K, 54% used [0x00000000c1600000,0x00000000c26b8f70,0x00000000c3480000)
 Metaspace       used 29450K, capacity 30870K, committed 31104K, reserved 1075200K
  class space    used 4072K, capacity 4375K, committed 4480K, reserved 1048576K
}
Event: 12.340 GC heap before
{Heap before GC invocations=12 (full 1):
 PSYoungGen      total 173568K, used 55164K [0x00000000eb200000, 0x00000000f7600000, 0x0000000100000000)
  eden space 162304K, 27% used [0x00000000eb200000,0x00000000ede4f698,0x00000000f5080000)
  from space 11264K, 86% used [0x00000000f5c80000,0x00000000f660fad0,0x00000000f6780000)
  to   space 12288K, 0% used [0x00000000f5080000,0x00000000f5080000,0x00000000f5c80000)
 ParOldGen       total 31232K, used 17123K [0x00000000c1600000, 0x00000000c3480000, 0x00000000eb200000)
  object space 31232K, 54% used [0x00000000c1600000,0x00000000c26b8f70,0x00000000c3480000)
 Metaspace       used 33832K, capacity 35184K, committed 35416K, reserved 1079296K
  class space    used 4585K, capacity 4870K, committed 4952K, reserved 1048576K
Event: 12.368 GC heap after
Heap after GC invocations=12 (full 1):
 PSYoungGen      total 174592K, used 4475K [0x00000000eb200000, 0x00000000f7600000, 0x0000000100000000)
  eden space 162304K, 0% used [0x00000000eb200000,0x00000000eb200000,0x00000000f5080000)
  from space 12288K, 36% used [0x00000000f5080000,0x00000000f54decc0,0x00000000f5c80000)
  to   space 11264K, 0% used [0x00000000f5c80000,0x00000000f5c80000,0x00000000f6780000)
 ParOldGen       total 31232K, used 24219K [0x00000000c1600000, 0x00000000c3480000, 0x00000000eb200000)
  object space 31232K, 77% used [0x00000000c1600000,0x00000000c2da6e88,0x00000000c3480000)
 Metaspace       used 33832K, capacity 35184K, committed 35416K, reserved 1079296K
  class space    used 4585K, capacity 4870K, committed 4952K, reserved 1048576K
}
Event: 12.368 GC heap before
{Heap before GC invocations=13 (full 2):
 PSYoungGen      total 174592K, used 4475K [0x00000000eb200000, 0x00000000f7600000, 0x0000000100000000)
  eden space 162304K, 0% used [0x00000000eb200000,0x00000000eb200000,0x00000000f5080000)
  from space 12288K, 36% used [0x00000000f5080000,0x00000000f54decc0,0x00000000f5c80000)
  to   space 11264K, 0% used [0x00000000f5c80000,0x00000000f5c80000,0x00000000f6780000)
 ParOldGen       total 31232K, used 24219K [0x00000000c1600000, 0x00000000c3480000, 0x00000000eb200000)
  object space 31232K, 77% used [0x00000000c1600000,0x00000000c2da6e88,0x00000000c3480000)
 Metaspace       used 33832K, capacity 35184K, committed 35416K, reserved 1079296K
  class space    used 4585K, capacity 4870K, committed 4952K, reserved 1048576K
Event: 12.541 GC heap after
Heap after GC invocations=13 (full 2):
 PSYoungGen      total 174592K, used 0K [0x00000000eb200000, 0x00000000f7600000, 0x0000000100000000)
  eden space 162304K, 0% used [0x00000000eb200000,0x00000000eb200000,0x00000000f5080000)
  from space 12288K, 0% used [0x00000000f5080000,0x00000000f5080000,0x00000000f5c80000)
  to   space 11264K, 0% used [0x00000000f5c80000,0x00000000f5c80000,0x00000000f6780000)
 ParOldGen       total 54784K, used 21513K [0x00000000c1600000, 0x00000000c4b80000, 0x00000000eb200000)
  object space 54784K, 39% used [0x00000000c1600000,0x00000000c2b02798,0x00000000c4b80000)
 Metaspace       used 33832K, capacity 35184K, committed 35416K, reserved 1079296K
  class space    used 4585K, capacity 4870K, committed 4952K, reserved 1048576K
}
Event: 17.273 GC heap before
{Heap before GC invocations=14 (full 2):
 PSYoungGen      total 174592K, used 162304K [0x00000000eb200000, 0x00000000f7600000, 0x0000000100000000)
  eden space 162304K, 100% used [0x00000000eb200000,0x00000000f5080000,0x00000000f5080000)
  from space 12288K, 0% used [0x00000000f5080000,0x00000000f5080000,0x00000000f5c80000)
  to   space 11264K, 0% used [0x00000000f5c80000,0x00000000f5c80000,0x00000000f6780000)
 ParOldGen       total 54784K, used 21513K [0x00000000c1600000, 0x00000000c4b80000, 0x00000000eb200000)
  object space 54784K, 39% used [0x00000000c1600000,0x00000000c2b02798,0x00000000c4b80000)
 Metaspace       used 44583K, capacity 46422K, committed 46680K, reserved 1089536K
  class space    used 6085K, capacity 6451K, committed 6488K, reserved 1048576K
Event: 17.309 GC heap after
Heap after GC invocations=14 (full 2):
 PSYoungGen      total 173568K, used 11261K [0x00000000eb200000, 0x00000000f7600000, 0x0000000100000000)
  eden space 162304K, 0% used [0x00000000eb200000,0x00000000eb200000,0x00000000f5080000)
  from space 11264K, 99% used [0x00000000f5c80000,0x00000000f677f628,0x00000000f6780000)
  to   space 12288K, 0% used [0x00000000f5080000,0x00000000f5080000,0x00000000f5c80000)
 ParOldGen       total 54784K, used 25925K [0x00000000c1600000, 0x00000000c4b80000, 0x00000000eb200000)
  object space 54784K, 47% used [0x00000000c1600000,0x00000000c2f51630,0x00000000c4b80000)
 Metaspace       used 44583K, capacity 46422K, committed 46680K, reserved 1089536K
  class space    used 6085K, capacity 6451K, committed 6488K, reserved 1048576K
}

