# JRE version: Java(TM) SE Runtime Environment (8.0_161-b12) (build 1.8.0_161-b12)
# Java VM: Java HotSpot(TM) 64-Bit Server VM (25.161-b12 mixed mode windows-amd64 compressed oops)
Heap:
 PSYoungGen      total 174080K, used 15478K [0x00000000eb200000, 0x00000000f7580000, 0x0000000100000000)
  eden space 162304K, 9% used [0x00000000eb200000,0x00000000ec11d8a0,0x00000000f5080000)
  from space 11776K, 0% used [0x00000000f5080000,0x00000000f5080000,0x00000000f5c00000)
  to   space 10752K, 0% used [0x00000000f5c00000,0x00000000f5c00000,0x00000000f6680000)
 ParOldGen       total 29696K, used 21467K [0x00000000c1600000, 0x00000000c3300000, 0x00000000eb200000)
  object space 29696K, 72% used [0x00000000c1600000,0x00000000c2af6c20,0x00000000c3300000)
 Metaspace       used 35479K, capacity 36954K, committed 37248K, reserved 1081344K
  class space    used 4850K, capacity 5165K, committed 5248K, reserved 1048576K
GC Heap History (10 events):
Event: 3.355 GC heap before
{Heap before GC invocations=9 (full 1):
 PSYoungGen      total 71680K, used 63486K [0x00000000eb200000, 0x00000000f3d00000, 0x0000000100000000)
  eden space 63488K, 99% used [0x00000000eb200000,0x00000000eefff868,0x00000000ef000000)
  from space 8192K, 0% used [0x00000000ef000000,0x00000000ef000000,0x00000000ef800000)
  to   space 7680K, 0% used [0x00000000f3580000,0x00000000f3580000,0x00000000f3d00000)
 ParOldGen       total 29696K, used 6904K [0x00000000c1600000, 0x00000000c3300000, 0x00000000eb200000)
  object space 29696K, 23% used [0x00000000c1600000,0x00000000c1cbe050,0x00000000c3300000)
 Metaspace       used 22037K, capacity 22718K, committed 22912K, reserved 1069056K
  class space    used 3009K, capacity 3178K, committed 3200K, reserved 1048576K
Event: 3.363 GC heap after
Heap after GC invocations=9 (full 1):
 PSYoungGen      total 119296K, used 6111K [0x00000000eb200000, 0x00000000f3b80000, 0x0000000100000000)
  eden space 113152K, 0% used [0x00000000eb200000,0x00000000eb200000,0x00000000f2080000)
  from space 6144K, 99% used [0x00000000f3580000,0x00000000f3b77c10,0x00000000f3b80000)
  to   space 8192K, 0% used [0x00000000f2b80000,0x00000000f2b80000,0x00000000f3380000)
 ParOldGen       total 29696K, used 6912K [0x00000000c1600000, 0x00000000c3300000, 0x00000000eb200000)
  object space 29696K, 23% used [0x00000000c1600000,0x00000000c1cc0050,0x00000000c3300000)
 Metaspace       used 22037K, capacity 22718K, committed 22912K, reserved 1069056K
  class space    used 3009K, capacity 3178K, committed 3200K, reserved 1048576K
}
Event: 4.568 GC heap before
{Heap before GC invocations=10 (full 1):
 PSYoungGen      total 119296K, used 119263K [0x00000000eb200000, 0x00000000f3b80000, 0x0000000100000000)
  eden space 113152K, 100% used [0x00000000eb200000,0x00000000f2080000,0x00000000f2080000)
  from space 6144K, 99% used [0x00000000f3580000,0x00000000f3b77c10,0x00000000f3b80000)
  to   space 8192K, 0% used [0x00000000f2b80000,0x00000000f2b80000,0x00000000f3380000)
 ParOldGen       total 29696K, used 6912K [0x00000000c1600000, 0x00000000c3300000, 0x00000000eb200000)
  object space 29696K, 23% used [0x00000000c1600000,0x00000000c1cc0050,0x00000000c3300000)
 Metaspace       used 26321K, capacity 27324K, committed 27520K, reserved 1073152K
  class space    used 3652K, capacity 3896K, committed 3968K, reserved 1048576K
Event: 4.584 GC heap after
Heap after GC invocations=10 (full 1):
 PSYoungGen      total 132608K, used 8182K [0x00000000eb200000, 0x00000000f6680000, 0x0000000100000000)
  eden space 124416K, 0% used [0x00000000eb200000,0x00000000eb200000,0x00000000f2b80000)
  from space 8192K, 99% used [0x00000000f2b80000,0x00000000f337d8a0,0x00000000f3380000)
  to   space 10752K, 0% used [0x00000000f5c00000,0x00000000f5c00000,0x00000000f6680000)
 ParOldGen       total 29696K, used 10586K [0x00000000c1600000, 0x00000000c3300000, 0x00000000eb200000)
  object space 29696K, 35% used [0x00000000c1600000,0x00000000c2056b00,0x00000000c3300000)
 Metaspace       used 26321K, capacity 27324K, committed 27520K, reserved 1073152K
  class space    used 3652K, capacity 3896K, committed 3968K, reserved 1048576K
}
Event: 6.244 GC heap before
{Heap before GC invocations=11 (full 1):
 PSYoungGen      total 132608K, used 132598K [0x00000000eb200000, 0x00000000f6680000, 0x0000000100000000)
  eden space 124416K, 100% used [0x00000000eb200000,0x00000000f2b80000,0x00000000f2b80000)
  from space 8192K, 99% used [0x00000000f2b80000,0x00000000f337d8a0,0x00000000f3380000)
  to   space 10752K, 0% used [0x00000000f5c00000,0x00000000f5c00000,0x00000000f6680000)
 ParOldGen       total 29696K, used 10586K [0x00000000c1600000, 0x00000000c3300000, 0x00000000eb200000)
  object space 29696K, 35% used [0x00000000c1600000,0x00000000c2056b00,0x00000000c3300000)
 Metaspace       used 29454K, capacity 30836K, committed 30976K, reserved 1075200K
  class space    used 4067K, capacity 4344K, committed 4352K, reserved 1048576K
Event: 6.268 GC heap after
Heap after GC invocations=11 (full 1):
 PSYoungGen      total 173056K, used 9880K [0x00000000eb200000, 0x00000000f7580000, 0x0000000100000000)
  eden space 162304K, 0% used [0x00000000eb200000,0x00000000eb200000,0x00000000f5080000)
  from space 10752K, 91% used [0x00000000f5c00000,0x00000000f65a6318,0x00000000f6680000)
  to   space 11776K, 0% used [0x00000000f5080000,0x00000000f5080000,0x00000000f5c00000)
 ParOldGen       total 29696K, used 14861K [0x00000000c1600000, 0x00000000c3300000, 0x00000000eb200000)
  object space 29696K, 50% used [0x00000000c1600000,0x00000000c2483790,0x00000000c3300000)
 Metaspace       used 29454K, capacity 30836K, committed 30976K, reserved 1075200K
  class space    used 4067K, capacity 4344K, committed 4352K, reserved 1048576K
}
Event: 7.513 GC heap before
{Heap before GC invocations=12 (full 1):
 PSYoungGen      total 173056K, used 53343K [0x00000000eb200000, 0x00000000f7580000, 0x0000000100000000)
  eden space 162304K, 26% used [0x00000000eb200000,0x00000000edc71b40,0x00000000f5080000)
  from space 10752K, 91% used [0x00000000f5c00000,0x00000000f65a6318,0x00000000f6680000)
  to   space 11776K, 0% used [0x00000000f5080000,0x00000000f5080000,0x00000000f5c00000)
 ParOldGen       total 29696K, used 14861K [0x00000000c1600000, 0x00000000c3300000, 0x00000000eb200000)
  object space 29696K, 50% used [0x00000000c1600000,0x00000000c2483790,0x00000000c3300000)
 Metaspace       used 33828K, capacity 35180K, committed 35456K, reserved 1079296K
  class space    used 4586K, capacity 4870K, committed 4992K, reserved 1048576K
Event: 7.554 GC heap after
Heap after GC invocations=12 (full 1):
 PSYoungGen      total 174080K, used 4365K [0x00000000eb200000, 0x00000000f7580000, 0x0000000100000000)
  eden space 162304K, 0% used [0x00000000eb200000,0x00000000eb200000,0x00000000f5080000)
  from space 11776K, 37% used [0x00000000f5080000,0x00000000f54c36c8,0x00000000f5c00000)
  to   space 10752K, 0% used [0x00000000f5c00000,0x00000000f5c00000,0x00000000f6680000)
 ParOldGen       total 29696K, used 22081K [0x00000000c1600000, 0x00000000c3300000, 0x00000000eb200000)
  object space 29696K, 74% used [0x00000000c1600000,0x00000000c2b906b8,0x00000000c3300000)
 Metaspace       used 33828K, capacity 35180K, committed 35456K, reserved 1079296K
  class space    used 4586K, capacity 4870K, committed 4992K, reserved 1048576K
}
Event: 7.554 GC heap before
{Heap before GC invocations=13 (full 2):
 PSYoungGen      total 174080K, used 4365K [0x00000000eb200000, 0x00000000f7580000, 0x0000000100000000)
  eden space 162304K, 0% used [0x00000000eb200000,0x00000000eb200000,0x00000000f5080000)
  from space 11776K, 37% used [0x00000000f5080000,0x00000000f54c36c8,0x00000000f5c00000)
  to   space 10752K, 0% used [0x00000000f5c00000,0x00000000f5c00000,0x00000000f6680000)
 ParOldGen       total 29696K, used 22081K [0x00000000c1600000, 0x00000000c3300000, 0x00000000eb200000)
  object space 29696K, 74% used [0x00000000c1600000,0x00000000c2b906b8,0x00000000c3300000)
 Metaspace       used 33828K, capacity 35180K, committed 35456K, reserved 1079296K
  class space    used 4586K, capacity 4870K, committed 4992K, reserved 1048576K
Event: 7.696 GC heap after
Heap after GC invocations=13 (full 2):
 PSYoungGen      total 174080K, used 0K [0x00000000eb200000, 0x00000000f7580000, 0x0000000100000000)
  eden space 162304K, 0% used [0x00000000eb200000,0x00000000eb200000,0x00000000f5080000)
  from space 11776K, 0% used [0x00000000f5080000,0x00000000f5080000,0x00000000f5c00000)
  to   space 10752K, 0% used [0x00000000f5c00000,0x00000000f5c00000,0x00000000f6680000)
 ParOldGen       total 29696K, used 21467K [0x00000000c1600000, 0x00000000c3300000, 0x00000000eb200000)
  object space 29696K, 72% used [0x00000000c1600000,0x00000000c2af6c20,0x00000000c3300000)
 Metaspace       used 33828K, capacity 35180K, committed 35456K, reserved 1079296K
  class space    used 4586K, capacity 4870K, committed 4992K, reserved 1048576K
}

